<?xml version="1.0" encoding="UTF-8" standalone="no"?>
<testsuite errors="0" failures="1" name="io.cucumber.core.plugin.JUnitFormatter" skipped="0" tests="4" time="20.317">
    <testcase classname="feature to test google search funcationality" name="Validate google search is working" time="0.051">
        <failure message="The scenario has pending or undefined step(s)" type="java.lang.Exception"><![CDATA[Given browser is open.......................................................undefined
And user is on google search page...........................................skipped
When user enters a text in search box.......................................skipped
And hits enter..............................................................skipped
Then user is navigated to search results....................................skipped
]]></failure>
    </testcase>
    <testcase classname="Test login functionality" name="Check login is successful with valid credentials" time="11.528">
        <system-out><![CDATA[Given demo test browser is open.............................................passed
And login demo user is on login page........................................passed
When user enters Raghav and 12345...........................................passed
And user clicks on login....................................................passed
Then user is navigated to the homepage......................................passed
]]></system-out>
    </testcase>
    <testcase classname="Test login functionality" name="Check login is successful with valid credentials 2" time="8.275">
        <system-out><![CDATA[Given demo test browser is open.............................................passed
And login demo user is on login page........................................passed
When user enters Ele and 12345..............................................passed
And user clicks on login....................................................passed
Then user is navigated to the homepage......................................passed
]]></system-out>
    </testcase>
    <testcase classname="feature to test login functionality" name="Check login is successful with valid credentials" time="0.005">
        <system-out><![CDATA[Given user is on login page.................................................passed
When user enters login......................................................passed
And clicks on the login button..............................................passed
Then user is navigated to the home page.....................................passed
]]></system-out>
    </testcase>
</testsuite>
